<?xml version="1.0" encoding="UTF-8"?>
<!-- Generated by org.testng.reporters.JUnitReportReporter -->
<testsuite hostname="DESKTOP-C2NJQHM" failures="0" tests="1" name="test.tests.ShopsyTest" time="0.033" errors="0" timestamp="2025-07-18T12:49:32 IST" skipped="0">
  <testcase classname="test.tests.ShopsyTest" name="showInstitudesTest" time="0.033"/>
</testsuite> <!-- test.tests.ShopsyTest -->
